<?xml version="1.0" encoding="UTF-8"?>
<testsuite name="com.studentapp.studentinfo.FirstSerenityTest" time="7.265" tests="7" errors="2" skipped="1" failures="1">
  <properties>
[...]
</properties>
  <testcase name="test001" classname="com.studentapp.studentinfo.FirstSerenityTest" time="7.033"/>
  <testcase name="thisIsManualTest" classname="com.studentapp.studentinfo.FirstSerenityTest" time="0"/>
  <testcase name="thisIsCompromised" classname="com.studentapp.studentinfo.FirstSerenityTest" time="0.013">
    <error message="E:\file.txt (The system cannot find the path specified)" type="java.io.FileNotFoundException"><![CDATA[java.io.FileNotFoundException: E:\file.txt (The system cannot find the path specified)
	at java.io.FileInputStream.open0(Native Method)
	at java.io.FileInputStream.open(FileInputStream.java:195)
	at java.io.FileInputStream.<init>(FileInputStream.java:138)
	at java.io.FileReader.<init>(FileReader.java:72)
	at com.studentapp.studentinfo.FirstSerenityTest.thisIsCompromised(FirstSerenityTest.java:57)
]]></error>
  </testcase>
  <testcase name="thisIsASkipped" classname="com.studentapp.studentinfo.FirstSerenityTest" time="0">
    <skipped/>
  </testcase>
  <testcase name="thisIsATestWithError" classname="com.studentapp.studentinfo.FirstSerenityTest" time="0.001">
    <error message="/ by zero" type="java.lang.ArithmeticException">java.lang.ArithmeticException: / by zero
	at com.studentapp.studentinfo.FirstSerenityTest.thisIsATestWithError(FirstSerenityTest.java:51)
</error>
  </testcase>
  <testcase name="getAllStudents" classname="com.studentapp.studentinfo.FirstSerenityTest" time="0.149"/>
  <testcase name="thisIsFailingTest" classname="com.studentapp.studentinfo.FirstSerenityTest" time="0.069">
    <failure message="1 expectation failed.&#10;Expected status code &lt;201&gt; but was &lt;200&gt;.&#10;" type="java.lang.AssertionError"><![CDATA[java.lang.AssertionError: 1 expectation failed.
Expected status code <201> but was <200>.

	at sun.reflect.NativeConstructorAccessorImpl.newInstance0(Native Method)
	at sun.reflect.NativeConstructorAccessorImpl.newInstance(NativeConstructorAccessorImpl.java:62)
	at sun.reflect.DelegatingConstructorAccessorImpl.newInstance(DelegatingConstructorAccessorImpl.java:45)
	at java.lang.reflect.Constructor.newInstance(Constructor.java:423)
	at org.codehaus.groovy.reflection.CachedConstructor.invoke(CachedConstructor.java:83)
	at org.codehaus.groovy.reflection.CachedConstructor.doConstructorInvoke(CachedConstructor.java:77)
	at org.codehaus.groovy.runtime.callsite.ConstructorSite$ConstructorSiteNoUnwrap.callConstructor(ConstructorSite.java:84)
	at org.codehaus.groovy.runtime.callsite.CallSiteArray.defaultCallConstructor(CallSiteArray.java:60)
	at org.codehaus.groovy.runtime.callsite.AbstractCallSite.callConstructor(AbstractCallSite.java:235)
	at org.codehaus.groovy.runtime.callsite.AbstractCallSite.callConstructor(AbstractCallSite.java:247)
	at io.restassured.internal.ResponseSpecificationImpl$HamcrestAssertionClosure.validate(ResponseSpecificationImpl.groovy:471)
	at io.restassured.internal.ResponseSpecificationImpl$HamcrestAssertionClosure$validate$1.call(Unknown Source)
	at io.restassured.internal.ResponseSpecificationImpl.validateResponseIfRequired(ResponseSpecificationImpl.groovy:636)
	at sun.reflect.NativeMethodAccessorImpl.invoke0(Native Method)
	at sun.reflect.NativeMethodAccessorImpl.invoke(NativeMethodAccessorImpl.java:62)
	at sun.reflect.DelegatingMethodAccessorImpl.invoke(DelegatingMethodAccessorImpl.java:43)
	at java.lang.reflect.Method.invoke(Method.java:498)
	at org.codehaus.groovy.runtime.callsite.PogoMetaMethodSite$PogoCachedMethodSiteNoUnwrapNoCoerce.invoke(PogoMetaMethodSite.java:210)
	at org.codehaus.groovy.runtime.callsite.PogoMetaMethodSite.callCurrent(PogoMetaMethodSite.java:59)
	at org.codehaus.groovy.runtime.callsite.AbstractCallSite.callCurrent(AbstractCallSite.java:166)
	at io.restassured.internal.ResponseSpecificationImpl.statusCode(ResponseSpecificationImpl.groovy:122)
	at io.restassured.specification.ResponseSpecification$statusCode$0.callCurrent(Unknown Source)
	at io.restassured.internal.ResponseSpecificationImpl.statusCode(ResponseSpecificationImpl.groovy:130)
	at io.restassured.internal.ValidatableResponseOptionsImpl.statusCode(ValidatableResponseOptionsImpl.java:117)
	at com.studentapp.studentinfo.FirstSerenityTest.thisIsFailingTest(FirstSerenityTest.java:34)
]]></failure>
    <system-out><![CDATA[HTTP/1.1 200 
Content-Type: application/json;charset=UTF-8
Transfer-Encoding: chunked
Date: Sat, 03 Jun 2023 15:24:39 GMT

[
    {
        "id": 1,
        "firstName": "Vernon",
        "lastName": "Harper",
        "email": "egestas.rhoncus.Proin@massaQuisqueporttitor.org",
        "programme": "Financial Analysis",
        "courses": [
            "Accounting",
            "Statistics"
        ]
    },
    {
        "id": 2,
        "firstName": "Murphy",
        "lastName": "Holmes",
        "email": "faucibus.orci.luctus@Duisac.net",
        "programme": "Financial Analysis",
        "courses": [
            "Accounting",
            "Statistics"
        ]
    },
    {
        "id": 3,
        "firstName": "Reece",
        "lastName": "Jason",
        "email": "tincidunt.dui@ultricessit.co.uk",
        "programme": "Computer Science",
        "courses": [
            "Calculus",
            "Algorithms",
            "Software Development",
            "Ethics"
        ]
    },
    {
        "id": 4,
        "firstName": "Orson",
        "lastName": "Armando",
        "email": "nascetur@conguea.com",
        "programme": "Computer Science",
        "courses": [
            "Calculus",
            "Algorithms",
            "Software Development",
            "Ethics"
        ]
    },
    {
        "id": 5,
        "firstName": "Cullen",
        "lastName": "Craig",
        "email": "imperdiet.ullamcorper@nonenimMauris.co.uk",
        "programme": "Disaster Management",
        "courses": [
            "Disaster Preparedness"
        ]
    },
    {
        "id": 6,
        "firstName": "Harper",
        "lastName": "Rashad",
        "email": "vestibulum@ridiculusmus.edu",
        "programme": "Disaster Management",
        "courses": [
            "Disaster Preparedness"
        ]
    },
    {
        "id": 7,
        "firstName": "Roth",
        "lastName": "Grant",
        "email": "eu.tellus@anuncIn.edu",
        "programme": "Mechanical Engineering",
        "courses": [
            "Machine Element Design",
            "Engineering Analysis I",
            "Calculus & Linear Algebra I "
        ]
    },
    {
        "id": 8,
        "firstName": "Jermaine",
        "lastName": "Alden",
        "email": "scelerisque.sed@senectuset.org",
        "programme": "Law",
        "courses": [
            "Criminal Law",
            "Constitutional Law",
            "Property Law",
            "Contracts"
        ]
    },
    {
        "id": 9,
        "firstName": "Sebastian",
        "lastName": "Jesse",
        "email": "faucibus@sed.co.uk",
        "programme": "Medicine",
        "courses": [
            "Anatomy",
            "Biochemistry",
            "Genetics",
            "Human Behavior."
        ]
    },
    {
        "id": 10,
        "firstName": "Todd",
        "lastName": "Beck",
        "email": "Fusce.dolor.quam@commodoauctor.org",
        "programme": "Financial Analysis",
        "courses": [
            "Accounting",
            "Statistics"
        ]
    },
    {
        "id": 11,
        "firstName": "Giacomo",
        "lastName": "Raphael",
        "email": "magnis.dis@idmagnaet.com",
        "programme": "Medicine",
        "courses": [
            "Anatomy",
            "Biochemistry",
            "Genetics",
            "Human Behavior."
        ]
    },
    {
        "id": 12,
        "firstName": "Chadwick",
        "lastName": "Lawrence",
        "email": "turpis.non.enim@sociisnatoque.com",
        "programme": "Criminology",
        "courses": [
            "Criminal Mind",
            "Gender, Crime and Justice ",
            "Philosophy of Law "
        ]
    },
    {
        "id": 13,
        "firstName": "Zachary",
        "lastName": "Vance",
        "email": "In.tincidunt.congue@Quisque.com",
        "programme": "Criminology",
        "courses": [
            "Criminal Mind",
            "Gender, Crime and Justice ",
            "Philosophy of Law "
        ]
    },
    {
        "id": 14,
        "firstName": "Denton",
        "lastName": "Walker",
        "email": "Integer.sem@iaculisodioNam.edu",
        "programme": "Mechanical Engineering",
        "courses": [
            "Machine Element Design",
            "Engineering Analysis I",
            "Calculus & Linear Algebra I "
        ]
    },
    {
        "id": 15,
        "firstName": "Hakeem",
        "lastName": "Fitzgerald",
        "email": "accumsan@luctuset.edu",
        "programme": "Financial Analysis",
        "courses": [
            "Accounting",
            "Statistics"
        ]
    },
    {
        "id": 16,
        "firstName": "Jakeem",
        "lastName": "Philip",
        "email": "montes.nascetur.ridiculus@loremDonec.com",
        "programme": "Mechanical Engineering",
        "courses": [
            "Machine Element Design",
            "Engineering Analysis I",
            "Calculus & Linear Algebra I "
        ]
    },
    {
        "id": 17,
        "firstName": "Amal",
        "lastName": "Emery",
        "email": "turpis.egestas.Aliquam@fermentum.net",
        "programme": "Computer Science",
        "courses": [
            "Calculus",
            "Algorithms",
            "Software Development",
            "Ethics"
        ]
    },
    {
        "id": 18,
        "firstName": "Reed",
        "lastName": "Wylie",
        "email": "Suspendisse.aliquet.sem@atrisus.org",
        "programme": "Medicine",
        "courses": [
            "Anatomy",
            "Biochemistry",
            "Genetics",
            "Human Behavior."
        ]
    },
    {
        "id": 19,
        "firstName": "Lev",
        "lastName": "Philip",
        "email": "dolor.elit.pellentesque@enimEtiamimperdiet.ca",
        "programme": "Computer Science",
        "courses": [
            "Calculus",
            "Algorithms",
            "Software Development",
            "Ethics"
        ]
    },
    {
        "id": 20,
        "firstName": "Lamar",
        "lastName": "Berk",
        "email": "leo.Vivamus@sit.org",
        "programme": "Medicine",
        "courses": [
            "Anatomy",
            "Biochemistry",
            "Genetics",
            "Human Behavior."
        ]
    },
    {
        "id": 21,
        "firstName": "Nathaniel",
        "lastName": "Colton",
        "email": "hendrerit@et.co.uk",
        "programme": "Medicine",
        "courses": [
            "Anatomy",
            "Biochemistry",
            "Genetics",
            "Human Behavior."
        ]
    },
    {
        "id": 22,
        "firstName": "Kennan",
        "lastName": "Jacob",
        "email": "vel.vulputate@vitaedolorDonec.ca",
        "programme": "Financial Analysis",
        "courses": [
            "Accounting",
            "Statistics"
        ]
    },
    {
        "id": 23,
        "firstName": "Omar",
        "lastName": "Colt",
        "email": "venenatis.a@Pellentesque.co.uk",
        "programme": "Mechanical Engineering",
        "courses": [
            "Machine Element Design",
            "Engineering Analysis I",
            "Calculus & Linear Algebra I "
        ]
    },
    {
        "id": 24,
        "firstName": "Tanek",
        "lastName": "Scott",
        "email": "Sed.malesuada@porttitoreros.ca",
        "programme": "Criminology",
        "courses": [
            "Criminal Mind",
            "Gender, Crime and Justice ",
            "Philosophy of Law "
        ]
    },
    {
        "id": 25,
        "firstName": "Paki",
        "lastName": "Samson",
        "email": "ornare@Mauriseuturpis.edu",
        "programme": "Law",
        "courses": [
            "Criminal Law",
            "Constitutional Law",
            "Property Law",
            "Contracts"
        ]
    },
    {
        "id": 26,
        "firstName": "James",
        "lastName": "Jonah",
        "email": "Nullam@Cras.net",
        "programme": "Mechanical Engineering",
        "courses": [
            "Machine Element Design",
            "Engineering Analysis I",
            "Calculus & Linear Algebra I "
        ]
    },
    {
        "id": 27,
        "firstName": "Cade",
        "lastName": "Vernon",
        "email": "pharetra.sed@Aliquamvulputateullamcorper.ca",
        "programme": "Mechanical Engineering",
        "courses": [
            "Machine Element Design",
            "Engineering Analysis I",
            "Calculus & Linear Algebra I "
        ]
    },
    {
        "id": 28,
        "firstName": "Quentin",
        "lastName": "Chadwick",
        "email": "sed.turpis.nec@risusQuisque.ca",
        "programme": "Mechanical Engineering",
        "courses": [
            "Machine Element Design",
            "Engineering Analysis I",
            "Calculus & Linear Algebra I "
        ]
    },
    {
        "id": 29,
        "firstName": "Arden",
        "lastName": "Abel",
        "email": "consequat.enim@ultricessit.com",
        "programme": "Law",
        "courses": [
            "Criminal Law",
            "Constitutional Law",
            "Property Law",
            "Contracts"
        ]
    },
    {
        "id": 30,
        "firstName": "Lars",
        "lastName": "Keith",
        "email": "Fusce@Quisquefringillaeuismod.org",
        "programme": "Medicine",
        "courses": [
            "Anatomy",
            "Biochemistry",
            "Genetics",
            "Human Behavior."
        ]
    },
    {
        "id": 31,
        "firstName": "Emmanuel",
        "lastName": "Gavin",
        "email": "ornare.libero@perinceptoshymenaeos.co.uk",
        "programme": "Criminology",
        "courses": [
            "Criminal Mind",
            "Gender, Crime and Justice ",
            "Philosophy of Law "
        ]
    },
    {
        "id": 32,
        "firstName": "Noah",
        "lastName": "Oren",
        "email": "Proin.vel@placerat.org",
        "programme": "Law",
        "courses": [
            "Criminal Law",
            "Constitutional Law",
            "Property Law",
            "Contracts"
        ]
    },
    {
        "id": 33,
        "firstName": "Mason",
        "lastName": "Barry",
        "email": "id@incursus.co.uk",
        "programme": "Law",
        "courses": [
            "Criminal Law",
            "Constitutional Law",
            "Property Law",
            "Contracts"
        ]
    },
    {
        "id": 34,
        "firstName": "Elliott",
        "lastName": "Brady",
        "email": "Vestibulum@adlitora.net",
        "programme": "Law",
        "courses": [
            "Criminal Law",
            "Constitutional Law",
            "Property Law",
            "Contracts"
        ]
    },
    {
        "id": 35,
        "firstName": "Nero",
        "lastName": "Brett",
        "email": "amet.ante@sit.com",
        "programme": "Disaster Management",
        "courses": [
            "Disaster Preparedness"
        ]
    },
    {
        "id": 36,
        "firstName": "Elvis",
        "lastName": "Abraham",
        "email": "neque@interdumfeugiat.net",
        "programme": "Disaster Management",
        "courses": [
            "Disaster Preparedness"
        ]
    },
    {
        "id": 37,
        "firstName": "Kieran",
        "lastName": "Ross",
        "email": "magnis.dis.parturient@laciniaorci.edu",
        "programme": "Disaster Management",
        "courses": [
            "Disaster Preparedness"
        ]
    },
    {
        "id": 38,
        "firstName": "Noah",
        "lastName": "Merrill",
        "email": "et@ipsum.net",
        "programme": "Medicine",
        "courses": [
            "Anatomy",
            "Biochemistry",
            "Genetics",
            "Human Behavior."
        ]
    },
    {
        "id": 39,
        "firstName": "Peter",
        "lastName": "Noble",
        "email": "turpis@sagittisplaceratCras.ca",
        "programme": "Computer Science",
        "courses": [
            "Calculus",
            "Algorithms",
            "Software Development",
            "Ethics"
        ]
    },
    {
        "id": 40,
        "firstName": "Axel",
        "lastName": "Bradley",
        "email": "ridiculus.mus@tempus.net",
        "programme": "Mechanical Engineering",
        "courses": [
            "Machine Element Design",
            "Engineering Analysis I",
            "Calculus & Linear Algebra I "
        ]
    },
    {
        "id": 41,
        "firstName": "Hashim",
        "lastName": "Chancellor",
        "email": "at.pretium@eleifendvitae.net",
        "programme": "Medicine",
        "courses": [
            "Anatomy",
            "Biochemistry",
            "Genetics",
            "Human Behavior."
        ]
    },
    {
        "id": 42,
        "firstName": "Alan",
        "lastName": "Connor",
        "email": "vel.turpis.Aliquam@metus.org",
        "programme": "Mechanical Engineering",
        "courses": [
            "Machine Element Design",
            "Engineering Analysis I",
            "Calculus & Linear Algebra I "
        ]
    },
    {
        "id": 43,
        "firstName": "Abel",
        "lastName": "Rudyard",
        "email": "orci.luctus.et@posuere.com",
        "programme": "Computer Science",
        "courses": [
            "Calculus",
            "Algorithms",
            "Software Development",
            "Ethics"
        ]
    },
    {
        "id": 44,
        "firstName": "Cedric",
        "lastName": "Zeus",
        "email": "Quisque.tincidunt@nullaanteiaculis.co.uk",
        "programme": "Law",
        "courses": [
            "Criminal Law",
            "Constitutional Law",
            "Property Law",
            "Contracts"
        ]
    },
    {
        "id": 45,
        "firstName": "Boris",
        "lastName": "Kato",
        "email": "dictum@tortorInteger.org",
        "programme": "Medicine",
        "courses": [
            "Anatomy",
            "Biochemistry",
            "Genetics",
            "Human Behavior."
        ]
    },
    {
        "id": 46,
        "firstName": "Walter",
        "lastName": "Phelan",
        "email": "diam@nectellusNunc.edu",
        "programme": "Law",
        "courses": [
            "Criminal Law",
            "Constitutional Law",
            "Property Law",
            "Contracts"
        ]
    },
    {
        "id": 47,
        "firstName": "Preston",
        "lastName": "Branden",
        "email": "sagittis.semper@urnaNullam.net",
        "programme": "Criminology",
        "courses": [
            "Criminal Mind",
            "Gender, Crime and Justice ",
            "Philosophy of Law "
        ]
    },
    {
        "id": 48,
        "firstName": "Kane",
        "lastName": "Alec",
        "email": "dignissim.Maecenas.ornare@adui.edu",
        "programme": "Law",
        "courses": [
            "Criminal Law",
            "Constitutional Law",
            "Property Law",
            "Contracts"
        ]
    },
    {
        "id": 49,
        "firstName": "Igor",
        "lastName": "Ezra",
        "email": "cursus.non.egestas@laciniaorci.net",
        "programme": "Criminology",
        "courses": [
            "Criminal Mind",
            "Gender, Crime and Justice ",
            "Philosophy of Law "
        ]
    },
    {
        "id": 50,
        "firstName": "Yoshio",
        "lastName": "Kato",
        "email": "Vivamus.rhoncus@semutcursus.ca",
        "programme": "Disaster Management",
        "courses": [
            "Disaster Preparedness"
        ]
    },
    {
        "id": 51,
        "firstName": "Fletcher",
        "lastName": "Vance",
        "email": "orci.lacus@hendreritDonecporttitor.net",
        "programme": "Computer Science",
        "courses": [
            "Calculus",
            "Algorithms",
            "Software Development",
            "Ethics"
        ]
    },
    {
        "id": 52,
        "firstName": "Burton",
        "lastName": "Merrill",
        "email": "mauris@malesuada.ca",
        "programme": "Law",
        "courses": [
            "Criminal Law",
            "Constitutional Law",
            "Property Law",
            "Contracts"
        ]
    },
    {
        "id": 53,
        "firstName": "Rafael",
        "lastName": "Vladimir",
        "email": "mauris.ipsum.porta@sit.ca",
        "programme": "Law",
        "courses": [
            "Criminal Law",
            "Constitutional Law",
            "Property Law",
            "Contracts"
        ]
    },
    {
        "id": 54,
        "firstName": "Dolan",
        "lastName": "Hyatt",
        "email": "augue.malesuada@Pellentesqueut.net",
        "programme": "Computer Science",
        "courses": [
            "Calculus",
            "Algorithms",
            "Software Development",
            "Ethics"
        ]
    },
    {
        "id": 55,
        "firstName": "Driscoll",
        "lastName": "Russell",
        "email": "Lorem.ipsum.dolor@eu.co.uk",
        "programme": "Computer Science",
        "courses": [
            "Calculus",
            "Algorithms",
            "Software Development",
            "Ethics"
        ]
    },
    {
        "id": 56,
        "firstName": "Boris",
        "lastName": "Dexter",
        "email": "purus@mollis.co.uk",
        "programme": "Law",
        "courses": [
            "Criminal Law",
            "Constitutional Law",
            "Property Law",
            "Contracts"
        ]
    },
    {
        "id": 57,
        "firstName": "Maxwell",
        "lastName": "Tarik",
        "email": "pharetra.Quisque.ac@facilisisSuspendisse.edu",
        "programme": "Criminology",
        "courses": [
            "Criminal Mind",
            "Gender, Crime and Justice ",
            "Philosophy of Law "
        ]
    },
    {
        "id": 58,
        "firstName": "Nero",
        "lastName": "Ulysses",
        "email": "inceptos.hymenaeos.Mauris@Proin.edu",
        "programme": "Financial Analysis",
        "courses": [
            "Accounting",
            "Statistics"
        ]
    },
    {
        "id": 59,
        "firstName": "Chase",
        "lastName": "Laith",
        "email": "ridiculus.mus.Donec@netus.org",
        "programme": "Mechanical Engineering",
        "courses": [
            "Machine Element Design",
            "Engineering Analysis I",
            "Calculus & Linear Algebra I "
        ]
    },
    {
        "id": 60,
        "firstName": "Dominic",
        "lastName": "Malcolm",
        "email": "mi.felis.adipiscing@liberoettristique.edu",
        "programme": "Criminology",
        "courses": [
            "Criminal Mind",
            "Gender, Crime and Justice ",
            "Philosophy of Law "
        ]
    },
    {
        "id": 61,
        "firstName": "Ross",
        "lastName": "Hedley",
        "email": "Ut.tincidunt.vehicula@nuncidenim.edu",
        "programme": "Criminology",
        "courses": [
            "Criminal Mind",
            "Gender, Crime and Justice ",
            "Philosophy of Law "
        ]
    },
    {
        "id": 62,
        "firstName": "Abel",
        "lastName": "Garrett",
        "email": "rhoncus@sociisnatoquepenatibus.ca",
        "programme": "Financial Analysis",
        "courses": [
            "Accounting",
            "Statistics"
        ]
    },
    {
        "id": 63,
        "firstName": "Nero",
        "lastName": "Clarke",
        "email": "eget.metus.In@disparturientmontes.org",
        "programme": "Computer Science",
        "courses": [
            "Calculus",
            "Algorithms",
            "Software Development",
            "Ethics"
        ]
    },
    {
        "id": 64,
        "firstName": "Thane",
        "lastName": "Carl",
        "email": "ut.nulla@netuset.co.uk",
        "programme": "Criminology",
        "courses": [
            "Criminal Mind",
            "Gender, Crime and Justice ",
            "Philosophy of Law "
        ]
    },
    {
        "id": 65,
        "firstName": "Jerome",
        "lastName": "Jackson",
        "email": "ac.turpis@facilisislorem.net",
        "programme": "Computer Science",
        "courses": [
            "Calculus",
            "Algorithms",
            "Software Development",
            "Ethics"
        ]
    },
    {
        "id": 66,
        "firstName": "Tate",
        "lastName": "Martin",
        "email": "ante.blandit@semeget.org",
        "programme": "Law",
        "courses": [
            "Criminal Law",
            "Constitutional Law",
            "Property Law",
            "Contracts"
        ]
    },
    {
        "id": 67,
        "firstName": "Caldwell",
        "lastName": "Daniel",
        "email": "lobortis@nequevenenatislacus.net",
        "programme": "Medicine",
        "courses": [
            "Anatomy",
            "Biochemistry",
            "Genetics",
            "Human Behavior."
        ]
    },
    {
        "id": 68,
        "firstName": "Lucian",
        "lastName": "Holmes",
        "email": "Cras@lorem.org",
        "programme": "Medicine",
        "courses": [
            "Anatomy",
            "Biochemistry",
            "Genetics",
            "Human Behavior."
        ]
    },
    {
        "id": 69,
        "firstName": "Akeem",
        "lastName": "Herrod",
        "email": "vel.venenatis@Nullamvelit.com",
        "programme": "Disaster Management",
        "courses": [
            "Disaster Preparedness"
        ]
    },
    {
        "id": 70,
        "firstName": "Vance",
        "lastName": "Colin",
        "email": "quam.vel.sapien@vellectusCum.org",
        "programme": "Disaster Management",
        "courses": [
            "Disaster Preparedness"
        ]
    },
    {
        "id": 71,
        "firstName": "Austin",
        "lastName": "Jelani",
        "email": "Nulla@nuncid.net",
        "programme": "Medicine",
        "courses": [
            "Anatomy",
            "Biochemistry",
            "Genetics",
            "Human Behavior."
        ]
    },
    {
        "id": 72,
        "firstName": "Jackson",
        "lastName": "Honorato",
        "email": "In@vestibulumlorem.com",
        "programme": "Criminology",
        "courses": [
            "Criminal Mind",
            "Gender, Crime and Justice ",
            "Philosophy of Law "
        ]
    },
    {
        "id": 73,
        "firstName": "Lee",
        "lastName": "Acton",
        "email": "rutrum@mattis.org",
        "programme": "Mechanical Engineering",
        "courses": [
            "Machine Element Design",
            "Engineering Analysis I",
            "Calculus & Linear Algebra I "
        ]
    },
    {
        "id": 74,
        "firstName": "Aquila",
        "lastName": "Sylvester",
        "email": "Aliquam.ultrices.iaculis@duiquisaccumsan.co.uk",
        "programme": "Criminology",
        "courses": [
            "Criminal Mind",
            "Gender, Crime and Justice ",
            "Philosophy of Law "
        ]
    },
    {
        "id": 75,
        "firstName": "Baker",
        "lastName": "Cairo",
        "email": "fermentum@diam.com",
        "programme": "Financial Analysis",
        "courses": [
            "Accounting",
            "Statistics"
        ]
    },
    {
        "id": 76,
        "firstName": "Samuel",
        "lastName": "Kibo",
        "email": "semper@enimcommodohendrerit.co.uk",
        "programme": "Criminology",
        "courses": [
            "Criminal Mind",
            "Gender, Crime and Justice ",
            "Philosophy of Law "
        ]
    },
    {
        "id": 77,
        "firstName": "Byron",
        "lastName": "Warren",
        "email": "enim.Etiam.imperdiet@sitamet.ca",
        "programme": "Mechanical Engineering",
        "courses": [
            "Machine Element Design",
            "Engineering Analysis I",
            "Calculus & Linear Algebra I "
        ]
    },
    {
        "id": 78,
        "firstName": "Declan",
        "lastName": "Barclay",
        "email": "Proin.nisl.sem@Aliquamnecenim.org",
        "programme": "Mechanical Engineering",
        "courses": [
            "Machine Element Design",
            "Engineering Analysis I",
            "Calculus & Linear Algebra I "
        ]
    },
    {
        "id": 79,
        "firstName": "Robert",
        "lastName": "Cullen",
        "email": "in.dolor@pede.co.uk",
        "programme": "Disaster Management",
        "courses": [
            "Disaster Preparedness"
        ]
    },
    {
        "id": 80,
        "firstName": "Troy",
        "lastName": "Simon",
        "email": "Cras.vulputate.velit@ornare.org",
        "programme": "Criminology",
        "courses": [
            "Criminal Mind",
            "Gender, Crime and Justice ",
            "Philosophy of Law "
        ]
    },
    {
        "id": 81,
        "firstName": "Tiger",
        "lastName": "Wylie",
        "email": "risus.quis.diam@Proin.ca",
        "programme": "Disaster Management",
        "courses": [
            "Disaster Preparedness"
        ]
    },
    {
        "id": 82,
        "firstName": "Herrod",
        "lastName": "Adam",
        "email": "hendrerit.neque@a.co.uk",
        "programme": "Medicine",
        "courses": [
            "Anatomy",
            "Biochemistry",
            "Genetics",
            "Human Behavior."
        ]
    },
    {
        "id": 83,
        "firstName": "Yuli",
        "lastName": "Griffin",
        "email": "ipsum.non@vitae.co.uk",
        "programme": "Criminology",
        "courses": [
            "Criminal Mind",
            "Gender, Crime and Justice ",
            "Philosophy of Law "
        ]
    },
    {
        "id": 84,
        "firstName": "Chancellor",
        "lastName": "Ali",
        "email": "ultrices@Nullam.net",
        "programme": "Medicine",
        "courses": [
            "Anatomy",
            "Biochemistry",
            "Genetics",
            "Human Behavior."
        ]
    },
    {
        "id": 85,
        "firstName": "Charles",
        "lastName": "Randall",
        "email": "ipsum.porta.elit@morbitristique.net",
        "programme": "Law",
        "courses": [
            "Criminal Law",
            "Constitutional Law",
            "Property Law",
            "Contracts"
        ]
    },
    {
        "id": 86,
        "firstName": "Lucius",
        "lastName": "Gage",
        "email": "auctor.vitae.aliquet@parturient.org",
        "programme": "Disaster Management",
        "courses": [
            "Disaster Preparedness"
        ]
    },
    {
        "id": 87,
        "firstName": "Richard",
        "lastName": "Dane",
        "email": "Nulla.eget@musDonecdignissim.co.uk",
        "programme": "Mechanical Engineering",
        "courses": [
            "Machine Element Design",
            "Engineering Analysis I",
            "Calculus & Linear Algebra I "
        ]
    },
    {
        "id": 88,
        "firstName": "Addison",
        "lastName": "Jermaine",
        "email": "est.Mauris@et.co.uk",
        "programme": "Disaster Management",
        "courses": [
            "Disaster Preparedness"
        ]
    },
    {
        "id": 89,
        "firstName": "Acton",
        "lastName": "Elliott",
        "email": "sem.eget@posuerecubiliaCurae.ca",
        "programme": "Medicine",
        "courses": [
            "Anatomy",
            "Biochemistry",
            "Genetics",
            "Human Behavior."
        ]
    },
    {
        "id": 90,
        "firstName": "Channing",
        "lastName": "Howard",
        "email": "est.congue@velit.com",
        "programme": "Medicine",
        "courses": [
            "Anatomy",
            "Biochemistry",
            "Genetics",
            "Human Behavior."
        ]
    },
    {
        "id": 91,
        "firstName": "Darius",
        "lastName": "Nehru",
        "email": "risus.varius.orci@sitamet.edu",
        "programme": "Medicine",
        "courses": [
            "Anatomy",
            "Biochemistry",
            "Genetics",
            "Human Behavior."
        ]
    },
    {
        "id": 92,
        "firstName": "Walter",
        "lastName": "Arsenio",
        "email": "a.ultricies@duiFusce.edu",
        "programme": "Financial Analysis",
        "courses": [
            "Accounting",
            "Statistics"
        ]
    },
    {
        "id": 93,
        "firstName": "Dieter",
        "lastName": "Matthew",
        "email": "a@pretium.ca",
        "programme": "Mechanical Engineering",
        "courses": [
            "Machine Element Design",
            "Engineering Analysis I",
            "Calculus & Linear Algebra I "
        ]
    },
    {
        "id": 94,
        "firstName": "Evan",
        "lastName": "Yoshio",
        "email": "sapien.gravida.non@noncursus.com",
        "programme": "Financial Analysis",
        "courses": [
            "Accounting",
            "Statistics"
        ]
    },
    {
        "id": 95,
        "firstName": "Hamilton",
        "lastName": "Dennis",
        "email": "luctus.lobortis@nonbibendumsed.com",
        "programme": "Mechanical Engineering",
        "courses": [
            "Machine Element Design",
            "Engineering Analysis I",
            "Calculus & Linear Algebra I "
        ]
    },
    {
        "id": 96,
        "firstName": "Gavin",
        "lastName": "Driscoll",
        "email": "lacinia.mattis@risusDonec.net",
        "programme": "Medicine",
        "courses": [
            "Anatomy",
            "Biochemistry",
            "Genetics",
            "Human Behavior."
        ]
    },
    {
        "id": 97,
        "firstName": "Brendan",
        "lastName": "Allistair",
        "email": "Nunc.laoreet@Sed.ca",
        "programme": "Computer Science",
        "courses": [
            "Calculus",
            "Algorithms",
            "Software Development",
            "Ethics"
        ]
    },
    {
        "id": 98,
        "firstName": "Gary",
        "lastName": "Robert",
        "email": "molestie@vitaesemper.ca",
        "programme": "Computer Science",
        "courses": [
            "Calculus",
            "Algorithms",
            "Software Development",
            "Ethics"
        ]
    },
    {
        "id": 99,
        "firstName": "Fletcher",
        "lastName": "Brenden",
        "email": "semper@nequesed.co.uk",
        "programme": "Computer Science",
        "courses": [
            "Calculus",
            "Algorithms",
            "Software Development",
            "Ethics"
        ]
    },
    {
        "id": 100,
        "firstName": "Oscar",
        "lastName": "Barclay",
        "email": "non.ante.bibendum@risusDonecegestas.edu",
        "programme": "Mechanical Engineering",
        "courses": [
            "Machine Element Design",
            "Engineering Analysis I",
            "Calculus & Linear Algebra I "
        ]
    },
    {
        "id": 101,
        "firstName": "Eleni",
        "lastName": "Simmers",
        "email": "esimmersv@si.edu",
        "programme": "Automation Tester",
        "courses": [
            "c#",
            "TestNg"
        ]
    },
    {
        "id": 102,
        "firstName": "Terrye",
        "lastName": "Skarin",
        "email": "tskarinf@washington.edu",
        "programme": "Manual Tester",
        "courses": [
            "c#",
            "TestNg"
        ]
    },
    {
        "id": 103,
        "firstName": "Avrom",
        "lastName": "Ciccoloi",
        "email": "aciccoloiq@arstechnica.com",
        "programme": "Manual Tester",
        "courses": [
            "c#",
            "Cucumber"
        ]
    },
    {
        "id": 104,
        "firstName": "Kassi",
        "lastName": "Gladhill",
        "email": "kgladhillo@vk.com",
        "programme": "Accountant",
        "courses": [
            "c#",
            "Rest Assured"
        ]
    },
    {
        "id": 105,
        "firstName": "Daniela",
        "lastName": "Ordelt",
        "email": "dordelt6@jalbum.net",
        "programme": "Automation Tester",
        "courses": [
            "Java",
            "Cucumber"
        ]
    },
    {
        "id": 106,
        "firstName": "Ardisj",
        "lastName": "Vittore",
        "email": "avittoree@archive.org",
        "programme": "Manual Tester",
        "courses": [
            "Php",
            "TestNg"
        ]
    },
    {
        "id": 107,
        "firstName": "Basil",
        "lastName": "Dunkerly",
        "email": "bdunkerlyc@mac.com",
        "programme": "Automation Tester",
        "courses": [
            "Php",
            "TestNg"
        ]
    },
    {
        "id": 108,
        "firstName": "Lynett",
        "lastName": "Nissle",
        "email": "lnisslem@bravesites.com",
        "programme": "Automation Tester",
        "courses": [
            "c#",
            "Cucumber"
        ]
    },
    {
        "id": 109,
        "firstName": "Oriana",
        "lastName": "Gerran",
        "email": "ogerrank@facebook.com",
        "programme": "Accountant",
        "courses": [
            "Php",
            "Rest Assured"
        ]
    },
    {
        "id": 110,
        "firstName": "Zachary",
        "lastName": "Brownsea",
        "email": "zbrownseat@slate.com",
        "programme": "Manual Tester",
        "courses": [
            "Java",
            "TestNg"
        ]
    },
    {
        "id": 111,
        "firstName": "Gauthier",
        "lastName": "Newick",
        "email": "gnewicks@shareasale.com",
        "programme": "Automation Tester",
        "courses": [
            "c#",
            "Rest Assured"
        ]
    },
    {
        "id": 112,
        "firstName": "Dulce",
        "lastName": "Sheward",
        "email": "dshewardp@narod.ru",
        "programme": "Automation Tester",
        "courses": [
            "Php",
            "Rest Assured"
        ]
    },
    {
        "id": 113,
        "firstName": "Mord",
        "lastName": "Pattrick",
        "email": "mpattrick9@drupal.org",
        "programme": "Accountant",
        "courses": [
            "c#",
            "TestNg"
        ]
    },
    {
        "id": 114,
        "firstName": "Slade",
        "lastName": "Leal",
        "email": "slealg@elegantthemes.com",
        "programme": "Automation Tester",
        "courses": [
            "Java",
            "Cucumber"
        ]
    },
    {
        "id": 115,
        "firstName": "Julieta",
        "lastName": "Firbanks",
        "email": "jfirbanks2@trellian.com",
        "programme": "Accountant",
        "courses": [
            "Java",
            "Cucumber"
        ]
    },
    {
        "id": 116,
        "firstName": "Adrian",
        "lastName": "Kausche",
        "email": "akauschej@virginia.edu",
        "programme": "Accountant",
        "courses": [
            "Java",
            "TestNg"
        ]
    },
    {
        "id": 117,
        "firstName": "Cecelia",
        "lastName": "Licquorish",
        "email": "clicquorishb@163.com",
        "programme": "Accountant",
        "courses": [
            "Php",
            "Rest Assured"
        ]
    },
    {
        "id": 118,
        "firstName": "Stefan",
        "lastName": "MacComiskey",
        "email": "smaccomiskey7@nba.com",
        "programme": "Automation Tester",
        "courses": [
            "Java",
            "TestNg"
        ]
    },
    {
        "id": 119,
        "firstName": "Gaspard",
        "lastName": "Gartside",
        "email": "ggartsider@ifeng.com",
        "programme": "Accountant",
        "courses": [
            "c#",
            "Cucumber"
        ]
    },
    {
        "id": 120,
        "firstName": "Thaxter",
        "lastName": "Horley",
        "email": "thorleyh@addtoany.com",
        "programme": "Automation Tester",
        "courses": [
            "c#",
            "Cucumber"
        ]
    },
    {
        "id": 121,
        "firstName": "Elvera",
        "lastName": "Cantero",
        "email": "ecantero5@cnbc.com",
        "programme": "Accountant",
        "courses": [
            "Php",
            "Cucumber"
        ]
    },
    {
        "id": 122,
        "firstName": "Cody",
        "lastName": "Charle",
        "email": "ccharle4@wikispaces.com",
        "programme": "Automation Tester",
        "courses": [
            "Java",
            "Cucumber"
        ]
    },
    {
        "id": 123,
        "firstName": "Sharl",
        "lastName": "Goggin",
        "email": "sgogginu@nih.gov",
        "programme": "Manual Tester",
        "courses": [
            "c#",
            "TestNg"
        ]
    },
    {
        "id": 124,
        "firstName": "Zondra",
        "lastName": "Russam",
        "email": "zrussam0@wordpress.com",
        "programme": "Automation Tester",
        "courses": [
            "Java",
            "Cucumber"
        ]
    },
    {
        "id": 125,
        "firstName": "Lexie",
        "lastName": "Heeps",
        "email": "lheepsn@smh.com.au",
        "programme": "Automation Tester",
        "courses": [
            "Php",
            "Rest Assured"
        ]
    },
    {
        "id": 126,
        "firstName": "Lilla",
        "lastName": "Dark",
        "email": "ldark8@mtv.com",
        "programme": "Automation Tester",
        "courses": [
            "Java",
            "TestNg"
        ]
    },
    {
        "id": 127,
        "firstName": "Isahella",
        "lastName": "Boobyer",
        "email": "iboobyerl@bloglovin.com",
        "programme": "Accountant",
        "courses": [
            "c#",
            "Cucumber"
        ]
    },
    {
        "id": 128,
        "firstName": "Edan",
        "lastName": "Vynall",
        "email": "evynalli@facebook.com",
        "programme": "Manual Tester",
        "courses": [
            "c#",
            "TestNg"
        ]
    },
    {
        "id": 129,
        "firstName": "Guglielmo",
        "lastName": "Alkin",
        "email": "galkina@wp.com",
        "programme": "Automation Tester",
        "courses": [
            "Java",
            "Cucumber"
        ]
    },
    {
        "id": 130,
        "firstName": "Alanna",
        "lastName": "Escot",
        "email": "aescot3@goodreads.com",
        "programme": "Manual Tester",
        "courses": [
            "c#",
            "TestNg"
        ]
    },
    {
        "id": 131,
        "firstName": "Poul",
        "lastName": "Catonne",
        "email": "pcatonned@dell.com",
        "programme": "Accountant",
        "courses": [
            "Php",
            "Cucumber"
        ]
    },
    {
        "id": 132,
        "firstName": "Wallas",
        "lastName": "Reppaport",
        "email": "wreppaport1@ftc.gov",
        "programme": "Accountant",
        "courses": [
            "Java",
            "Cucumber"
        ]
    },
    {
        "id": 133,
        "firstName": "Karena",
        "lastName": "Pettigree",
        "email": "kpettigree11@cyberchimps.com",
        "programme": "Manual Tester",
        "courses": [
            "c#",
            "TestNg"
        ]
    },
    {
        "id": 134,
        "firstName": "Meade",
        "lastName": "Edge",
        "email": "medge12@woothemes.com",
        "programme": "Manual Tester",
        "courses": [
            "Php",
            "Cucumber"
        ]
    },
    {
        "id": 135,
        "firstName": "Leandra",
        "lastName": "Haysham",
        "email": "lhayshamy@fotki.com",
        "programme": "Automation Tester",
        "courses": [
            "c#",
            "Cucumber"
        ]
    },
    {
        "id": 136,
        "firstName": "Glori",
        "lastName": "Wapple",
        "email": "gwapple13@yelp.com",
        "programme": "Manual Tester",
        "courses": [
            "c#",
            "TestNg"
        ]
    },
    {
        "id": 137,
        "firstName": "Ferd",
        "lastName": "Likely",
        "email": "flikely14@tumblr.com",
        "programme": "Accountant",
        "courses": [
            "c#",
            "Cucumber"
        ]
    },
    {
        "id": 138,
        "firstName": "Katrina",
        "lastName": "Van Arsdalen",
        "email": "kvanarsdalen15@berkeley.edu",
        "programme": "Accountant",
        "courses": [
            "Php",
            "TestNg"
        ]
    },
    {
        "id": 139,
        "firstName": "Paddie",
        "lastName": "Donoher",
        "email": "pdonoher17@twitter.com",
        "programme": "Accountant",
        "courses": [
            "Java",
            "Rest Assured"
        ]
    },
    {
        "id": 140,
        "firstName": "Ryann",
        "lastName": "Pethybridge",
        "email": "rpethybridge1d@berkeley.edu",
        "programme": "Accountant",
        "courses": [
            "Java",
            "TestNg"
        ]
    },
    {
        "id": 141,
        "firstName": "Walliw",
        "lastName": "Tudgay",
        "email": "wtudgay19@opera.com",
        "programme": "Automation Tester",
        "courses": [
            "Java",
            "TestNg"
        ]
    },
    {
        "id": 142,
        "firstName": "Theda",
        "lastName": "Suett",
        "email": "tsuett10@ehow.com",
        "programme": "Automation Tester",
        "courses": [
            "Java",
            "Cucumber"
        ]
    },
    {
        "id": 143,
        "firstName": "Kyle",
        "lastName": "Jewer",
        "email": "kjewer16@princeton.edu",
        "programme": "Manual Tester",
        "courses": [
            "c#",
            "TestNg"
        ]
    },
    {
        "id": 144,
        "firstName": "Allys",
        "lastName": "Breeds",
        "email": "abreeds1g@vistaprint.com",
        "programme": "Accountant",
        "courses": [
            "c#",
            "Rest Assured"
        ]
    },
    {
        "id": 145,
        "firstName": "Holly-anne",
        "lastName": "Childs",
        "email": "hchilds1f@wisc.edu",
        "programme": "Manual Tester",
        "courses": [
            "c#",
            "TestNg"
        ]
    },
    {
        "id": 146,
        "firstName": "Sunny",
        "lastName": "Fitchen",
        "email": "sfitchen1k@booking.com",
        "programme": "Automation Tester",
        "courses": [
            "Php",
            "TestNg"
        ]
    },
    {
        "id": 147,
        "firstName": "Emeline",
        "lastName": "Whellams",
        "email": "ewhellams1j@usda.gov",
        "programme": "Manual Tester",
        "courses": [
            "Php",
            "Cucumber"
        ]
    },
    {
        "id": 148,
        "firstName": "Tristam",
        "lastName": "Crampsey",
        "email": "tcrampsey1i@deviantart.com",
        "programme": "Accountant",
        "courses": [
            "Php",
            "TestNg"
        ]
    },
    {
        "id": 149,
        "firstName": "Sapphira",
        "lastName": "Hamman",
        "email": "shamman1o@statcounter.com",
        "programme": "Manual Tester",
        "courses": [
            "Php",
            "TestNg"
        ]
    },
    {
        "id": 150,
        "firstName": "Maje",
        "lastName": "Strutt",
        "email": "mstrutt1p@amazonaws.com",
        "programme": "Automation Tester",
        "courses": [
            "c#",
            "Rest Assured"
        ]
    },
    {
        "id": 151,
        "firstName": "Farlee",
        "lastName": "Simonite",
        "email": "fsimonite1m@usgs.gov",
        "programme": "Automation Tester",
        "courses": [
            "c#",
            "Cucumber"
        ]
    },
    {
        "id": 152,
        "firstName": "Lenka",
        "lastName": "Skeates",
        "email": "lskeates1r@china.com.cn",
        "programme": "Automation Tester",
        "courses": [
            "c#",
            "Rest Assured"
        ]
    },
    {
        "id": 153,
        "firstName": "Carree",
        "lastName": "Tattersall",
        "email": "ctattersall1n@youtube.com",
        "programme": "Manual Tester",
        "courses": [
            "Java",
            "Rest Assured"
        ]
    },
    {
        "id": 154,
        "firstName": "Orrin",
        "lastName": "Pead",
        "email": "opead1v@reuters.com",
        "programme": "Automation Tester",
        "courses": [
            "Php",
            "Cucumber"
        ]
    },
    {
        "id": 155,
        "firstName": "Janessa",
        "lastName": "Schneidau",
        "email": "jschneidau1q@bloomberg.com",
        "programme": "Automation Tester",
        "courses": [
            "c#",
            "Cucumber"
        ]
    },
    {
        "id": 156,
        "firstName": "Laurette",
        "lastName": "Pele",
        "email": "lpele1w@amazonaws.com",
        "programme": "Automation Tester",
        "courses": [
            "Java",
            "Cucumber"
        ]
    },
    {
        "id": 157,
        "firstName": "Gale",
        "lastName": "Holligan",
        "email": "gholligan1x@about.me",
        "programme": "Accountant",
        "courses": [
            "c#",
            "Cucumber"
        ]
    },
    {
        "id": 158,
        "firstName": "Janean",
        "lastName": "Snyder",
        "email": "jsnyder1z@reverbnation.com",
        "programme": "Accountant",
        "courses": [
            "Java",
            "TestNg"
        ]
    },
    {
        "id": 159,
        "firstName": "Adelbert",
        "lastName": "Terbrug",
        "email": "aterbrug1l@mac.com",
        "programme": "Accountant",
        "courses": [
            "c#",
            "Cucumber"
        ]
    },
    {
        "id": 160,
        "firstName": "Carolan",
        "lastName": "Zink",
        "email": "czink1s@technorati.com",
        "programme": "Automation Tester",
        "courses": [
            "Php",
            "Cucumber"
        ]
    },
    {
        "id": 161,
        "firstName": "Dani",
        "lastName": "Oddey",
        "email": "doddey25@sciencedaily.com",
        "programme": "Accountant",
        "courses": [
            "Java",
            "Cucumber"
        ]
    },
    {
        "id": 162,
        "firstName": "Romonda",
        "lastName": "Abrashkov",
        "email": "rabrashkov24@joomla.org",
        "programme": "Automation Tester",
        "courses": [
            "Php",
            "Cucumber"
        ]
    },
    {
        "id": 163,
        "firstName": "Ella",
        "lastName": "Gration",
        "email": "egration21@buzzfeed.com",
        "programme": "Manual Tester",
        "courses": [
            "Php",
            "Cucumber"
        ]
    },
    {
        "id": 164,
        "firstName": "Elfrieda",
        "lastName": "Lockyear",
        "email": "elockyear1y@umich.edu",
        "programme": "Manual Tester",
        "courses": [
            "Java",
            "Rest Assured"
        ]
    },
    {
        "id": 165,
        "firstName": "Bridgette",
        "lastName": "Castrillo",
        "email": "bcastrillo23@google.es",
        "programme": "Accountant",
        "courses": [
            "Java",
            "TestNg"
        ]
    },
    {
        "id": 166,
        "firstName": "Christian",
        "lastName": "Brougham",
        "email": "cbrougham28@fema.gov",
        "programme": "Manual Tester",
        "courses": [
            "Php",
            "TestNg"
        ]
    },
    {
        "id": 167,
        "firstName": "Rosabel",
        "lastName": "Mingaye",
        "email": "rmingaye26@free.fr",
        "programme": "Automation Tester",
        "courses": [
            "c#",
            "Cucumber"
        ]
    },
    {
        "id": 168,
        "firstName": "Angelika",
        "lastName": "Tookey",
        "email": "atookey27@netscape.com",
        "programme": "Accountant",
        "courses": [
            "Php",
            "Cucumber"
        ]
    },
    {
        "id": 169,
        "firstName": "Penny",
        "lastName": "Windybank",
        "email": "pwindybankz@nasa.gov",
        "programme": "Manual Tester",
        "courses": [
            "Php",
            "Rest Assured"
        ]
    },
    {
        "id": 170,
        "firstName": "Vasily",
        "lastName": "Ballantyne",
        "email": "vballantyne29@techcrunch.com",
        "programme": "Accountant",
        "courses": [
            "Java",
            "Cucumber"
        ]
    },
    {
        "id": 171,
        "firstName": "Darby",
        "lastName": "O'Callaghan",
        "email": "docallaghan1h@si.edu",
        "programme": "Automation Tester",
        "courses": [
            "Java",
            "TestNg"
        ]
    },
    {
        "id": 172,
        "firstName": "Coop",
        "lastName": "Biernat",
        "email": "cbiernat22@deliciousdays.com",
        "programme": "Accountant",
        "courses": [
            "c#",
            "TestNg"
        ]
    },
    {
        "id": 173,
        "firstName": "Alena",
        "lastName": "Furbank",
        "email": "afurbank1e@patch.com",
        "programme": "Automation Tester",
        "courses": [
            "Java",
            "TestNg"
        ]
    },
    {
        "id": 174,
        "firstName": "Clarinda",
        "lastName": "Yardy",
        "email": "cyardy1b@dion.ne.jp",
        "programme": "Automation Tester",
        "courses": [
            "Php",
            "TestNg"
        ]
    },
    {
        "id": 175,
        "firstName": "Carlo",
        "lastName": "Roughey",
        "email": "croughey2d@boston.com",
        "programme": "Automation Tester",
        "courses": [
            "c#",
            "Cucumber"
        ]
    },
    {
        "id": 176,
        "firstName": "Frederico",
        "lastName": "Kellert",
        "email": "fkellert2c@cnn.com",
        "programme": "Manual Tester",
        "courses": [
            "Java",
            "Cucumber"
        ]
    },
    {
        "id": 177,
        "firstName": "Tami",
        "lastName": "Andreucci",
        "email": "tandreucci1a@ovh.net",
        "programme": "Accountant",
        "courses": [
            "c#",
            "TestNg"
        ]
    },
    {
        "id": 178,
        "firstName": "Trueman",
        "lastName": "Sutterby",
        "email": "tsutterby2b@lulu.com",
        "programme": "Automation Tester",
        "courses": [
            "Java",
            "Rest Assured"
        ]
    },
    {
        "id": 179,
        "firstName": "Kendra",
        "lastName": "Rannald",
        "email": "krannaldx@reference.com",
        "programme": "Manual Tester",
        "courses": [
            "c#",
            "TestNg"
        ]
    },
    {
        "id": 180,
        "firstName": "Jenna",
        "lastName": "Pardie",
        "email": "jpardie2j@digg.com",
        "programme": "Manual Tester",
        "courses": [
            "Php",
            "Rest Assured"
        ]
    },
    {
        "id": 181,
        "firstName": "Dede",
        "lastName": "Daveridge",
        "email": "ddaveridge1c@hugedomains.com",
        "programme": "Manual Tester",
        "courses": [
            "Java",
            "Rest Assured"
        ]
    },
    {
        "id": 182,
        "firstName": "Boote",
        "lastName": "Mullaly",
        "email": "bmullaly2f@mapy.cz",
        "programme": "Accountant",
        "courses": [
            "Java",
            "Cucumber"
        ]
    },
    {
        "id": 183,
        "firstName": "Gaylord",
        "lastName": "Ornelas",
        "email": "gornelas2g@google.ca",
        "programme": "Automation Tester",
        "courses": [
            "Java",
            "Rest Assured"
        ]
    },
    {
        "id": 184,
        "firstName": "Leena",
        "lastName": "Roose",
        "email": "lroosew@zdnet.com",
        "programme": "Automation Tester",
        "courses": [
            "Java",
            "Rest Assured"
        ]
    },
    {
        "id": 185,
        "firstName": "Ignazio",
        "lastName": "Rockliffe",
        "email": "irockliffe2o@bigcartel.com",
        "programme": "Accountant",
        "courses": [
            "Php",
            "Rest Assured"
        ]
    },
    {
        "id": 186,
        "firstName": "Minnaminnie",
        "lastName": "Maymand",
        "email": "mmaymand2n@whitehouse.gov",
        "programme": "Automation Tester",
        "courses": [
            "c#",
            "Rest Assured"
        ]
    },
    {
        "id": 187,
        "firstName": "Coleen",
        "lastName": "Labbet",
        "email": "clabbet2a@sakura.ne.jp",
        "programme": "Manual Tester",
        "courses": [
            "Php",
            "Cucumber"
        ]
    },
    {
        "id": 188,
        "firstName": "Zara",
        "lastName": "Dowda",
        "email": "zdowda2k@uiuc.edu",
        "programme": "Accountant",
        "courses": [
            "c#",
            "TestNg"
        ]
    },
    {
        "id": 189,
        "firstName": "Kahaleel",
        "lastName": "Reucastle",
        "email": "kreucastle1t@clickbank.net",
        "programme": "Automation Tester",
        "courses": [
            "Java",
            "Rest Assured"
        ]
    },
    {
        "id": 190,
        "firstName": "Arnuad",
        "lastName": "Vannar",
        "email": "avannar18@fastcompany.com",
        "programme": "Accountant",
        "courses": [
            "c#",
            "Cucumber"
        ]
    },
    {
        "id": 191,
        "firstName": "Goober",
        "lastName": "Fain",
        "email": "gfain2q@youtube.com",
        "programme": "Accountant",
        "courses": [
            "c#",
            "TestNg"
        ]
    },
    {
        "id": 192,
        "firstName": "Davine",
        "lastName": "Wetter",
        "email": "dwetter2r@boston.com",
        "programme": "Automation Tester",
        "courses": [
            "Php",
            "Cucumber"
        ]
    },
    {
        "id": 193,
        "firstName": "Astra",
        "lastName": "Bennit",
        "email": "abennit2p@angelfire.com",
        "programme": "Accountant",
        "courses": [
            "Java",
            "Cucumber"
        ]
    },
    {
        "id": 194,
        "firstName": "Randene",
        "lastName": "Brindle",
        "email": "rbrindle2l@forbes.com",
        "programme": "Manual Tester",
        "courses": [
            "Java",
            "Rest Assured"
        ]
    },
    {
        "id": 195,
        "firstName": "Cory",
        "lastName": "Harteley",
        "email": "charteley1u@instagram.com",
        "programme": "Manual Tester",
        "courses": [
            "c#",
            "Cucumber"
        ]
    },
    {
        "id": 196,
        "firstName": "Roze",
        "lastName": "Tabner",
        "email": "rtabner20@slideshare.net",
        "programme": "Manual Tester",
        "courses": [
            "c#",
            "TestNg"
        ]
    },
    {
        "id": 197,
        "firstName": "Augie",
        "lastName": "Jeskin",
        "email": "ajeskin2e@delicious.com",
        "programme": "Manual Tester",
        "courses": [
            "c#",
            "Rest Assured"
        ]
    },
    {
        "id": 198,
        "firstName": "Jaymee",
        "lastName": "Campsall",
        "email": "jcampsall2h@yelp.com",
        "programme": "Accountant",
        "courses": [
            "Php",
            "TestNg"
        ]
    },
    {
        "id": 199,
        "firstName": "Bidget",
        "lastName": "de Quincey",
        "email": "bdequincey2m@furl.net",
        "programme": "Manual Tester",
        "courses": [
            "Php",
            "Rest Assured"
        ]
    },
    {
        "id": 200,
        "firstName": "Willy",
        "lastName": "McAleese",
        "email": "wmcaleese2i@hostgator.com",
        "programme": "Manual Tester",
        "courses": [
            "Php",
            "Cucumber"
        ]
    }
]
]]></system-out>
    <system-err><![CDATA[6947 [main] INFO net.serenitybdd.rest.decorators.request.RequestSpecificationDecorated - No BaseStepListener, GET /list not registered.
]]></system-err>
  </testcase>
</testsuite>